<?xml version="1.0" encoding="UTF-8"?>
<!-- Generated by org.testng.reporters.JUnitReportReporter -->
<testsuite hostname="DESKTOP-HV16R5C" failures="0" tests="3" name="CucumberOptions.TestRunner" time="312.936" errors="0" timestamp="2024-02-12T14:50:07 IST" skipped="0">
  <testcase classname="CucumberOptions.TestRunner" name="runScenario" time="84.198"/>
  <testcase classname="CucumberOptions.TestRunner" name="runScenario" time="91.372"/>
  <testcase classname="CucumberOptions.TestRunner" name="runScenario" time="137.366"/>
</testsuite> <!-- CucumberOptions.TestRunner -->
